2019-03-09 22:00:45.316 +01:00 [INF] Processing pattern search for '1' page 1
2019-03-09 22:00:47.145 +01:00 [INF] Processing synonym search for '-' page 1
2019-03-09 22:00:49.067 +01:00 [INF] Processing synonym search for '´' page 1
2019-03-09 22:00:50.949 +01:00 [INF] Processing synonym search for ',' page 1
2019-03-09 22:00:52.622 +01:00 [INF] Processing synonym search for ';' page 1
2019-03-09 22:00:54.427 +01:00 [INF] Processing synonym search for ':' page 1
2019-03-09 22:00:56.292 +01:00 [INF] Processing synonym search for '.' page 1
2019-03-09 22:00:58.167 +01:00 [INF] Processing synonym search for '(' page 1
2019-03-09 22:00:59.870 +01:00 [INF] Processing synonym search for ')' page 1
2019-03-09 22:01:01.534 +01:00 [INF] Processing synonym search for '{' page 1
2019-03-09 22:01:03.202 +01:00 [INF] Processing synonym search for '}' page 1
2019-03-09 22:01:04.874 +01:00 [INF] Processing synonym search for '§' page 1
2019-03-09 22:01:06.546 +01:00 [INF] Processing synonym search for '@' page 1
2019-03-09 22:01:08.311 +01:00 [INF] Processing pattern search for '1' page 2
2019-03-09 22:01:09.799 +01:00 [INF] Processing synonym search for '&' page 1
2019-03-09 22:01:11.507 +01:00 [INF] Processing synonym search for '+' page 1
2019-03-09 22:01:13.303 +01:00 [INF] Processing synonym search for '=' page 1
2019-03-09 22:01:15.059 +01:00 [INF] Processing synonym search for '~' page 1
2019-03-09 22:01:16.836 +01:00 [INF] Processing synonym search for '1' page 1
2019-03-09 22:01:17.696 +01:00 [INF] Processing synonym search for '1' page 2
2019-03-09 22:01:18.555 +01:00 [INF] Processing synonym search for '1' page 3
2019-03-09 22:01:19.402 +01:00 [INF] Processing synonym search for '1' page 4
2019-03-09 22:01:21.395 +01:00 [INF] Processing synonym search for '2' page 1
2019-03-09 22:01:22.371 +01:00 [INF] Processing synonym search for '2' page 2
2019-03-09 22:01:24.193 +01:00 [INF] Processing synonym search for '3' page 1
2019-03-09 22:01:25.117 +01:00 [INF] Processing synonym search for '3' page 2
2019-03-09 22:01:25.957 +01:00 [INF] Processing synonym search for '3' page 3
2019-03-09 22:01:27.715 +01:00 [INF] Processing synonym search for '4' page 1
2019-03-09 22:01:28.650 +01:00 [INF] Processing synonym search for '4' page 2
2019-03-09 22:01:30.712 +01:00 [INF] Processing synonym search for '5' page 1
2019-03-09 22:01:31.696 +01:00 [INF] Processing synonym search for '5' page 2
2019-03-09 22:01:33.782 +01:00 [INF] Processing synonym search for '6' page 1
2019-03-09 22:01:34.698 +01:00 [INF] Processing synonym search for '6' page 2
2019-03-09 22:01:36.582 +01:00 [INF] Processing synonym search for '7' page 1
2019-03-09 22:01:37.526 +01:00 [INF] Processing synonym search for '7' page 2
2019-03-09 22:01:38.841 +01:00 [INF] Processing pattern search for '1' page 3
2019-03-09 22:01:40.362 +01:00 [INF] Processing synonym search for '8' page 1
2019-03-09 22:01:41.388 +01:00 [INF] Processing synonym search for '8' page 2
2019-03-09 22:01:43.121 +01:00 [INF] Processing synonym search for '9' page 1
2019-03-09 22:01:44.029 +01:00 [INF] Processing synonym search for '9' page 2
2019-03-09 22:01:46.039 +01:00 [INF] Processing synonym search for 'A' page 1
2019-03-09 22:01:47.013 +01:00 [INF] Processing synonym search for 'A' page 2
2019-03-09 22:01:47.913 +01:00 [INF] Processing synonym search for 'A' page 3
2019-03-09 22:01:48.823 +01:00 [INF] Processing synonym search for 'A' page 4
2019-03-09 22:01:49.686 +01:00 [INF] Processing synonym search for 'A' page 5
